<?xml version="1.0" encoding="UTF-8"?>
<!-- Generated by org.testng.reporters.JUnitReportReporter -->
<testsuite hostname="LAPTOP-A0DEP6HU" failures="0" tests="1" name="Keune.TestCases.TC_001_HomeTests" time="3.333" errors="0" timestamp="14 Oct 2022 09:12:41 GMT" skipped="0">
  <testcase classname="Keune.TestCases.TC_001_HomeTests" name="HomeTest" time="3.333"/>
</testsuite> <!-- Keune.TestCases.TC_001_HomeTests -->
